# JRE version: Java(TM) SE Runtime Environment (8.0_31-b13) (build 1.8.0_31-b13)
# Java VM: Java HotSpot(TM) 64-Bit Server VM (25.31-b07 mixed mode windows-amd64 compressed oops)
Heap:
 PSYoungGen      total 112640K, used 107371K [0x00000000d5580000, 0x00000000de980000, 0x0000000100000000)
  eden space 103936K, 96% used [0x00000000d5580000,0x00000000db772750,0x00000000dbb00000)
  from space 8704K, 81% used [0x00000000dbb00000,0x00000000dc1e8898,0x00000000dc380000)
  to   space 9216K, 0% used [0x00000000de080000,0x00000000de080000,0x00000000de980000)
 ParOldGen       total 72192K, used 7932K [0x0000000080000000, 0x0000000084680000, 0x00000000d5580000)
  object space 72192K, 10% used [0x0000000080000000,0x00000000807bf168,0x0000000084680000)
 Metaspace       used 42571K, capacity 42762K, committed 43008K, reserved 1085440K
  class space    used 6045K, capacity 6112K, committed 6144K, reserved 1048576K
GC Heap History (10 events):
Event: 13.845 GC heap before
{Heap before GC invocations=7 (full 1):
 PSYoungGen      total 38400K, used 36345K [0x00000000d5580000, 0x00000000d9c80000, 0x0000000100000000)
  eden space 33280K, 100% used [0x00000000d5580000,0x00000000d7600000,0x00000000d7600000)
  from space 5120K, 59% used [0x00000000d7600000,0x00000000d78fe740,0x00000000d7b00000)
  to   space 7168K, 0% used [0x00000000d9580000,0x00000000d9580000,0x00000000d9c80000)
 ParOldGen       total 48128K, used 5667K [0x0000000080000000, 0x0000000082f00000, 0x00000000d5580000)
  object space 48128K, 11% used [0x0000000080000000,0x0000000080588c68,0x0000000082f00000)
 Metaspace       used 26949K, capacity 27054K, committed 27520K, reserved 1073152K
  class space    used 3818K, capacity 3861K, committed 3968K, reserved 1048576K
Event: 13.850 GC heap after
Heap after GC invocations=7 (full 1):
 PSYoungGen      total 65536K, used 3975K [0x00000000d5580000, 0x00000000d9d00000, 0x0000000100000000)
  eden space 58368K, 0% used [0x00000000d5580000,0x00000000d5580000,0x00000000d8e80000)
  from space 7168K, 55% used [0x00000000d9580000,0x00000000d9961fb0,0x00000000d9c80000)
  to   space 7168K, 0% used [0x00000000d8e80000,0x00000000d8e80000,0x00000000d9580000)
 ParOldGen       total 48128K, used 5675K [0x0000000080000000, 0x0000000082f00000, 0x00000000d5580000)
  object space 48128K, 11% used [0x0000000080000000,0x000000008058ac68,0x0000000082f00000)
 Metaspace       used 26949K, capacity 27054K, committed 27520K, reserved 1073152K
  class space    used 3818K, capacity 3861K, committed 3968K, reserved 1048576K
}
Event: 14.808 GC heap before
{Heap before GC invocations=8 (full 1):
 PSYoungGen      total 65536K, used 62343K [0x00000000d5580000, 0x00000000d9d00000, 0x0000000100000000)
  eden space 58368K, 100% used [0x00000000d5580000,0x00000000d8e80000,0x00000000d8e80000)
  from space 7168K, 55% used [0x00000000d9580000,0x00000000d9961fb0,0x00000000d9c80000)
  to   space 7168K, 0% used [0x00000000d8e80000,0x00000000d8e80000,0x00000000d9580000)
 ParOldGen       total 48128K, used 5675K [0x0000000080000000, 0x0000000082f00000, 0x00000000d5580000)
  object space 48128K, 11% used [0x0000000080000000,0x000000008058ac68,0x0000000082f00000)
 Metaspace       used 33763K, capacity 33870K, committed 34048K, reserved 1079296K
  class space    used 4812K, capacity 4853K, committed 4864K, reserved 1048576K
Event: 14.821 GC heap after
Heap after GC invocations=8 (full 1):
 PSYoungGen      total 65536K, used 7162K [0x00000000d5580000, 0x00000000dcc00000, 0x0000000100000000)
  eden space 58368K, 0% used [0x00000000d5580000,0x00000000d5580000,0x00000000d8e80000)
  from space 7168K, 99% used [0x00000000d8e80000,0x00000000d957eab0,0x00000000d9580000)
  to   space 8704K, 0% used [0x00000000dc380000,0x00000000dc380000,0x00000000dcc00000)
 ParOldGen       total 48128K, used 7548K [0x0000000080000000, 0x0000000082f00000, 0x00000000d5580000)
  object space 48128K, 15% used [0x0000000080000000,0x000000008075f3e8,0x0000000082f00000)
 Metaspace       used 33763K, capacity 33870K, committed 34048K, reserved 1079296K
  class space    used 4812K, capacity 4853K, committed 4864K, reserved 1048576K
}
Event: 15.036 GC heap before
{Heap before GC invocations=9 (full 1):
 PSYoungGen      total 65536K, used 20809K [0x00000000d5580000, 0x00000000dcc00000, 0x0000000100000000)
  eden space 58368K, 23% used [0x00000000d5580000,0x00000000d62d3a28,0x00000000d8e80000)
  from space 7168K, 99% used [0x00000000d8e80000,0x00000000d957eab0,0x00000000d9580000)
  to   space 8704K, 0% used [0x00000000dc380000,0x00000000dc380000,0x00000000dcc00000)
 ParOldGen       total 48128K, used 7548K [0x0000000080000000, 0x0000000082f00000, 0x00000000d5580000)
  object space 48128K, 15% used [0x0000000080000000,0x000000008075f3e8,0x0000000082f00000)
 Metaspace       used 35024K, capacity 35118K, committed 35416K, reserved 1079296K
  class space    used 4986K, capacity 5013K, committed 5120K, reserved 1048576K
Event: 15.042 GC heap after
Heap after GC invocations=9 (full 1):
 PSYoungGen      total 112640K, used 3926K [0x00000000d5580000, 0x00000000dce80000, 0x0000000100000000)
  eden space 103936K, 0% used [0x00000000d5580000,0x00000000d5580000,0x00000000dbb00000)
  from space 8704K, 45% used [0x00000000dc380000,0x00000000dc755970,0x00000000dcc00000)
  to   space 8704K, 0% used [0x00000000dbb00000,0x00000000dbb00000,0x00000000dc380000)
 ParOldGen       total 48128K, used 7556K [0x0000000080000000, 0x0000000082f00000, 0x00000000d5580000)
  object space 48128K, 15% used [0x0000000080000000,0x00000000807613e8,0x0000000082f00000)
 Metaspace       used 35024K, capacity 35118K, committed 35416K, reserved 1079296K
  class space    used 4986K, capacity 5013K, committed 5120K, reserved 1048576K
}
Event: 15.042 GC heap before
{Heap before GC invocations=10 (full 2):
 PSYoungGen      total 112640K, used 3926K [0x00000000d5580000, 0x00000000dce80000, 0x0000000100000000)
  eden space 103936K, 0% used [0x00000000d5580000,0x00000000d5580000,0x00000000dbb00000)
  from space 8704K, 45% used [0x00000000dc380000,0x00000000dc755970,0x00000000dcc00000)
  to   space 8704K, 0% used [0x00000000dbb00000,0x00000000dbb00000,0x00000000dc380000)
 ParOldGen       total 48128K, used 7556K [0x0000000080000000, 0x0000000082f00000, 0x00000000d5580000)
  object space 48128K, 15% used [0x0000000080000000,0x00000000807613e8,0x0000000082f00000)
 Metaspace       used 35024K, capacity 35118K, committed 35416K, reserved 1079296K
  class space    used 4986K, capacity 5013K, committed 5120K, reserved 1048576K
Event: 15.104 GC heap after
Heap after GC invocations=10 (full 2):
 PSYoungGen      total 112640K, used 0K [0x00000000d5580000, 0x00000000dce80000, 0x0000000100000000)
  eden space 103936K, 0% used [0x00000000d5580000,0x00000000d5580000,0x00000000dbb00000)
  from space 8704K, 0% used [0x00000000dc380000,0x00000000dc380000,0x00000000dcc00000)
  to   space 8704K, 0% used [0x00000000dbb00000,0x00000000dbb00000,0x00000000dc380000)
 ParOldGen       total 72192K, used 7924K [0x0000000080000000, 0x0000000084680000, 0x00000000d5580000)
  object space 72192K, 10% used [0x0000000080000000,0x00000000807bd168,0x0000000084680000)
 Metaspace       used 35024K, capacity 35118K, committed 35416K, reserved 1079296K
  class space    used 4986K, capacity 5013K, committed 5120K, reserved 1048576K
}
Event: 16.098 GC heap before
{Heap before GC invocations=11 (full 2):
 PSYoungGen      total 112640K, used 103936K [0x00000000d5580000, 0x00000000dce80000, 0x0000000100000000)
  eden space 103936K, 100% used [0x00000000d5580000,0x00000000dbb00000,0x00000000dbb00000)
  from space 8704K, 0% used [0x00000000dc380000,0x00000000dc380000,0x00000000dcc00000)
  to   space 8704K, 0% used [0x00000000dbb00000,0x00000000dbb00000,0x00000000dc380000)
 ParOldGen       total 72192K, used 7924K [0x0000000080000000, 0x0000000084680000, 0x00000000d5580000)
  object space 72192K, 10% used [0x0000000080000000,0x00000000807bd168,0x0000000084680000)
 Metaspace       used 38827K, capacity 39032K, committed 39296K, reserved 1083392K
  class space    used 5594K, capacity 5661K, committed 5760K, reserved 1048576K
Event: 16.110 GC heap after
Heap after GC invocations=11 (full 2):
 PSYoungGen      total 112640K, used 7074K [0x00000000d5580000, 0x00000000de980000, 0x0000000100000000)
  eden space 103936K, 0% used [0x00000000d5580000,0x00000000d5580000,0x00000000dbb00000)
  from space 8704K, 81% used [0x00000000dbb00000,0x00000000dc1e8898,0x00000000dc380000)
  to   space 9216K, 0% used [0x00000000de080000,0x00000000de080000,0x00000000de980000)
 ParOldGen       total 72192K, used 7932K [0x0000000080000000, 0x0000000084680000, 0x00000000d5580000)
  object space 72192K, 10% used [0x0000000080000000,0x00000000807bf168,0x0000000084680000)
 Metaspace       used 38827K, capacity 39032K, committed 39296K, reserved 1083392K
  class space    used 5594K, capacity 5661K, committed 5760K, reserved 1048576K
}

