# JRE version: Java(TM) SE Runtime Environment (8.0_31-b13) (build 1.8.0_31-b13)
# Java VM: Java HotSpot(TM) 64-Bit Server VM (25.31-b07 mixed mode windows-amd64 compressed oops)
Heap:
 PSYoungGen      total 116736K, used 108086K [0x00000000d5580000, 0x00000000dec00000, 0x0000000100000000)
  eden space 107520K, 93% used [0x00000000d5580000,0x00000000db7f5518,0x00000000dbe80000)
  from space 9216K, 78% used [0x00000000dbe80000,0x00000000dc598308,0x00000000dc780000)
  to   space 9216K, 0% used [0x00000000de300000,0x00000000de300000,0x00000000dec00000)
 ParOldGen       total 71168K, used 7840K [0x0000000080000000, 0x0000000084580000, 0x00000000d5580000)
  object space 71168K, 11% used [0x0000000080000000,0x00000000807a8350,0x0000000084580000)
 Metaspace       used 42562K, capacity 42838K, committed 43008K, reserved 1085440K
  class space    used 6047K, capacity 6114K, committed 6144K, reserved 1048576K
GC Heap History (10 events):
Event: 12.992 GC heap before
{Heap before GC invocations=7 (full 1):
 PSYoungGen      total 38400K, used 36293K [0x00000000d5580000, 0x00000000d9e00000, 0x0000000100000000)
  eden space 33280K, 100% used [0x00000000d5580000,0x00000000d7600000,0x00000000d7600000)
  from space 5120K, 58% used [0x00000000d7600000,0x00000000d78f17c8,0x00000000d7b00000)
  to   space 7168K, 0% used [0x00000000d9700000,0x00000000d9700000,0x00000000d9e00000)
 ParOldGen       total 46592K, used 5711K [0x0000000080000000, 0x0000000082d80000, 0x00000000d5580000)
  object space 46592K, 12% used [0x0000000080000000,0x0000000080593d88,0x0000000082d80000)
 Metaspace       used 26854K, capacity 26990K, committed 27264K, reserved 1073152K
  class space    used 3811K, capacity 3861K, committed 3968K, reserved 1048576K
Event: 12.998 GC heap after
Heap after GC invocations=7 (full 1):
 PSYoungGen      total 67072K, used 3837K [0x00000000d5580000, 0x00000000d9e80000, 0x0000000100000000)
  eden space 59904K, 0% used [0x00000000d5580000,0x00000000d5580000,0x00000000d9000000)
  from space 7168K, 53% used [0x00000000d9700000,0x00000000d9abf4e8,0x00000000d9e00000)
  to   space 7168K, 0% used [0x00000000d9000000,0x00000000d9000000,0x00000000d9700000)
 ParOldGen       total 46592K, used 5719K [0x0000000080000000, 0x0000000082d80000, 0x00000000d5580000)
  object space 46592K, 12% used [0x0000000080000000,0x0000000080595d88,0x0000000082d80000)
 Metaspace       used 26854K, capacity 26990K, committed 27264K, reserved 1073152K
  class space    used 3811K, capacity 3861K, committed 3968K, reserved 1048576K
}
Event: 14.097 GC heap before
{Heap before GC invocations=8 (full 1):
 PSYoungGen      total 67072K, used 63741K [0x00000000d5580000, 0x00000000d9e80000, 0x0000000100000000)
  eden space 59904K, 100% used [0x00000000d5580000,0x00000000d9000000,0x00000000d9000000)
  from space 7168K, 53% used [0x00000000d9700000,0x00000000d9abf4e8,0x00000000d9e00000)
  to   space 7168K, 0% used [0x00000000d9000000,0x00000000d9000000,0x00000000d9700000)
 ParOldGen       total 46592K, used 5719K [0x0000000080000000, 0x0000000082d80000, 0x00000000d5580000)
  object space 46592K, 12% used [0x0000000080000000,0x0000000080595d88,0x0000000082d80000)
 Metaspace       used 33885K, capacity 34030K, committed 34432K, reserved 1079296K
  class space    used 4828K, capacity 4885K, committed 4992K, reserved 1048576K
Event: 14.107 GC heap after
Heap after GC invocations=8 (full 1):
 PSYoungGen      total 67072K, used 7148K [0x00000000d5580000, 0x00000000dd080000, 0x0000000100000000)
  eden space 59904K, 0% used [0x00000000d5580000,0x00000000d5580000,0x00000000d9000000)
  from space 7168K, 99% used [0x00000000d9000000,0x00000000d96fb010,0x00000000d9700000)
  to   space 9216K, 0% used [0x00000000dc780000,0x00000000dc780000,0x00000000dd080000)
 ParOldGen       total 46592K, used 7753K [0x0000000080000000, 0x0000000082d80000, 0x00000000d5580000)
  object space 46592K, 16% used [0x0000000080000000,0x00000000807926f0,0x0000000082d80000)
 Metaspace       used 33885K, capacity 34030K, committed 34432K, reserved 1079296K
  class space    used 4828K, capacity 4885K, committed 4992K, reserved 1048576K
}
Event: 14.438 GC heap before
{Heap before GC invocations=9 (full 1):
 PSYoungGen      total 67072K, used 19284K [0x00000000d5580000, 0x00000000dd080000, 0x0000000100000000)
  eden space 59904K, 20% used [0x00000000d5580000,0x00000000d615a0a8,0x00000000d9000000)
  from space 7168K, 99% used [0x00000000d9000000,0x00000000d96fb010,0x00000000d9700000)
  to   space 9216K, 0% used [0x00000000dc780000,0x00000000dc780000,0x00000000dd080000)
 ParOldGen       total 46592K, used 7753K [0x0000000080000000, 0x0000000082d80000, 0x00000000d5580000)
  object space 46592K, 16% used [0x0000000080000000,0x00000000807926f0,0x0000000082d80000)
 Metaspace       used 35030K, capacity 35150K, committed 35416K, reserved 1079296K
  class space    used 4990K, capacity 5045K, committed 5120K, reserved 1048576K
Event: 14.450 GC heap after
Heap after GC invocations=9 (full 1):
 PSYoungGen      total 116736K, used 3729K [0x00000000d5580000, 0x00000000dd400000, 0x0000000100000000)
  eden space 107520K, 0% used [0x00000000d5580000,0x00000000d5580000,0x00000000dbe80000)
  from space 9216K, 40% used [0x00000000dc780000,0x00000000dcb246c8,0x00000000dd080000)
  to   space 9216K, 0% used [0x00000000dbe80000,0x00000000dbe80000,0x00000000dc780000)
 ParOldGen       total 46592K, used 7761K [0x0000000080000000, 0x0000000082d80000, 0x00000000d5580000)
  object space 46592K, 16% used [0x0000000080000000,0x00000000807946f0,0x0000000082d80000)
 Metaspace       used 35030K, capacity 35150K, committed 35416K, reserved 1079296K
  class space    used 4990K, capacity 5045K, committed 5120K, reserved 1048576K
}
Event: 14.450 GC heap before
{Heap before GC invocations=10 (full 2):
 PSYoungGen      total 116736K, used 3729K [0x00000000d5580000, 0x00000000dd400000, 0x0000000100000000)
  eden space 107520K, 0% used [0x00000000d5580000,0x00000000d5580000,0x00000000dbe80000)
  from space 9216K, 40% used [0x00000000dc780000,0x00000000dcb246c8,0x00000000dd080000)
  to   space 9216K, 0% used [0x00000000dbe80000,0x00000000dbe80000,0x00000000dc780000)
 ParOldGen       total 46592K, used 7761K [0x0000000080000000, 0x0000000082d80000, 0x00000000d5580000)
  object space 46592K, 16% used [0x0000000080000000,0x00000000807946f0,0x0000000082d80000)
 Metaspace       used 35030K, capacity 35150K, committed 35416K, reserved 1079296K
  class space    used 4990K, capacity 5045K, committed 5120K, reserved 1048576K
Event: 14.536 GC heap after
Heap after GC invocations=10 (full 2):
 PSYoungGen      total 116736K, used 0K [0x00000000d5580000, 0x00000000dd400000, 0x0000000100000000)
  eden space 107520K, 0% used [0x00000000d5580000,0x00000000d5580000,0x00000000dbe80000)
  from space 9216K, 0% used [0x00000000dc780000,0x00000000dc780000,0x00000000dd080000)
  to   space 9216K, 0% used [0x00000000dbe80000,0x00000000dbe80000,0x00000000dc780000)
 ParOldGen       total 71168K, used 7832K [0x0000000080000000, 0x0000000084580000, 0x00000000d5580000)
  object space 71168K, 11% used [0x0000000080000000,0x00000000807a6350,0x0000000084580000)
 Metaspace       used 35030K, capacity 35150K, committed 35416K, reserved 1079296K
  class space    used 4990K, capacity 5045K, committed 5120K, reserved 1048576K
}
Event: 15.523 GC heap before
{Heap before GC invocations=11 (full 2):
 PSYoungGen      total 116736K, used 107520K [0x00000000d5580000, 0x00000000dd400000, 0x0000000100000000)
  eden space 107520K, 100% used [0x00000000d5580000,0x00000000dbe80000,0x00000000dbe80000)
  from space 9216K, 0% used [0x00000000dc780000,0x00000000dc780000,0x00000000dd080000)
  to   space 9216K, 0% used [0x00000000dbe80000,0x00000000dbe80000,0x00000000dc780000)
 ParOldGen       total 71168K, used 7832K [0x0000000080000000, 0x0000000084580000, 0x00000000d5580000)
  object space 71168K, 11% used [0x0000000080000000,0x00000000807a6350,0x0000000084580000)
 Metaspace       used 38822K, capacity 39038K, committed 39296K, reserved 1083392K
  class space    used 5595K, capacity 5662K, committed 5760K, reserved 1048576K
Event: 15.533 GC heap after
Heap after GC invocations=11 (full 2):
 PSYoungGen      total 116736K, used 7264K [0x00000000d5580000, 0x00000000dec00000, 0x0000000100000000)
  eden space 107520K, 0% used [0x00000000d5580000,0x00000000d5580000,0x00000000dbe80000)
  from space 9216K, 78% used [0x00000000dbe80000,0x00000000dc598308,0x00000000dc780000)
  to   space 9216K, 0% used [0x00000000de300000,0x00000000de300000,0x00000000dec00000)
 ParOldGen       total 71168K, used 7840K [0x0000000080000000, 0x0000000084580000, 0x00000000d5580000)
  object space 71168K, 11% used [0x0000000080000000,0x00000000807a8350,0x0000000084580000)
 Metaspace       used 38822K, capacity 39038K, committed 39296K, reserved 1083392K
  class space    used 5595K, capacity 5662K, committed 5760K, reserved 1048576K
}

