# JRE version: Java(TM) SE Runtime Environment (8.0_31-b13) (build 1.8.0_31-b13)
# Java VM: Java HotSpot(TM) 64-Bit Server VM (25.31-b07 mixed mode windows-amd64 compressed oops)
Heap:
 PSYoungGen      total 121344K, used 102982K [0x00000000d5580000, 0x00000000df600000, 0x0000000100000000)
  eden space 112128K, 85% used [0x00000000d5580000,0x00000000db2e9378,0x00000000dc300000)
  from space 9216K, 79% used [0x00000000dc300000,0x00000000dca28568,0x00000000dcc00000)
  to   space 9728K, 0% used [0x00000000dec80000,0x00000000dec80000,0x00000000df600000)
 ParOldGen       total 67584K, used 7657K [0x0000000080000000, 0x0000000084200000, 0x00000000d5580000)
  object space 67584K, 11% used [0x0000000080000000,0x000000008077a438,0x0000000084200000)
 Metaspace       used 42563K, capacity 42826K, committed 43008K, reserved 1085440K
  class space    used 6045K, capacity 6112K, committed 6144K, reserved 1048576K
GC Heap History (10 events):
Event: 13.387 GC heap before
{Heap before GC invocations=7 (full 1):
 PSYoungGen      total 38400K, used 36423K [0x00000000d5580000, 0x00000000d9f80000, 0x0000000100000000)
  eden space 33280K, 100% used [0x00000000d5580000,0x00000000d7600000,0x00000000d7600000)
  from space 5120K, 61% used [0x00000000d7600000,0x00000000d7911df8,0x00000000d7b00000)
  to   space 7168K, 0% used [0x00000000d9880000,0x00000000d9880000,0x00000000d9f80000)
 ParOldGen       total 45568K, used 5726K [0x0000000080000000, 0x0000000082c80000, 0x00000000d5580000)
  object space 45568K, 12% used [0x0000000080000000,0x0000000080597b10,0x0000000082c80000)
 Metaspace       used 26959K, capacity 27118K, committed 27520K, reserved 1073152K
  class space    used 3821K, capacity 3861K, committed 3968K, reserved 1048576K
Event: 13.395 GC heap after
Heap after GC invocations=7 (full 1):
 PSYoungGen      total 68608K, used 3861K [0x00000000d5580000, 0x00000000d9f80000, 0x0000000100000000)
  eden space 61440K, 0% used [0x00000000d5580000,0x00000000d5580000,0x00000000d9180000)
  from space 7168K, 53% used [0x00000000d9880000,0x00000000d9c45548,0x00000000d9f80000)
  to   space 7168K, 0% used [0x00000000d9180000,0x00000000d9180000,0x00000000d9880000)
 ParOldGen       total 45568K, used 5734K [0x0000000080000000, 0x0000000082c80000, 0x00000000d5580000)
  object space 45568K, 12% used [0x0000000080000000,0x0000000080599b10,0x0000000082c80000)
 Metaspace       used 26959K, capacity 27118K, committed 27520K, reserved 1073152K
  class space    used 3821K, capacity 3861K, committed 3968K, reserved 1048576K
}
Event: 14.370 GC heap before
{Heap before GC invocations=8 (full 1):
 PSYoungGen      total 68608K, used 65301K [0x00000000d5580000, 0x00000000d9f80000, 0x0000000100000000)
  eden space 61440K, 100% used [0x00000000d5580000,0x00000000d9180000,0x00000000d9180000)
  from space 7168K, 53% used [0x00000000d9880000,0x00000000d9c45548,0x00000000d9f80000)
  to   space 7168K, 0% used [0x00000000d9180000,0x00000000d9180000,0x00000000d9880000)
 ParOldGen       total 45568K, used 5734K [0x0000000080000000, 0x0000000082c80000, 0x00000000d5580000)
  object space 45568K, 12% used [0x0000000080000000,0x0000000080599b10,0x0000000082c80000)
 Metaspace       used 34028K, capacity 34158K, committed 34432K, reserved 1079296K
  class space    used 4849K, capacity 4885K, committed 4992K, reserved 1048576K
Event: 14.378 GC heap after
Heap after GC invocations=8 (full 1):
 PSYoungGen      total 68608K, used 7148K [0x00000000d5580000, 0x00000000dd500000, 0x0000000100000000)
  eden space 61440K, 0% used [0x00000000d5580000,0x00000000d5580000,0x00000000d9180000)
  from space 7168K, 99% used [0x00000000d9180000,0x00000000d987b160,0x00000000d9880000)
  to   space 9216K, 0% used [0x00000000dcc00000,0x00000000dcc00000,0x00000000dd500000)
 ParOldGen       total 45568K, used 8127K [0x0000000080000000, 0x0000000082c80000, 0x00000000d5580000)
  object space 45568K, 17% used [0x0000000080000000,0x00000000807efc48,0x0000000082c80000)
 Metaspace       used 34028K, capacity 34158K, committed 34432K, reserved 1079296K
  class space    used 4849K, capacity 4885K, committed 4992K, reserved 1048576K
}
Event: 14.549 GC heap before
{Heap before GC invocations=9 (full 1):
 PSYoungGen      total 68608K, used 17647K [0x00000000d5580000, 0x00000000dd500000, 0x0000000100000000)
  eden space 61440K, 17% used [0x00000000d5580000,0x00000000d5fc0d40,0x00000000d9180000)
  from space 7168K, 99% used [0x00000000d9180000,0x00000000d987b160,0x00000000d9880000)
  to   space 9216K, 0% used [0x00000000dcc00000,0x00000000dcc00000,0x00000000dd500000)
 ParOldGen       total 45568K, used 8127K [0x0000000080000000, 0x0000000082c80000, 0x00000000d5580000)
  object space 45568K, 17% used [0x0000000080000000,0x00000000807efc48,0x0000000082c80000)
 Metaspace       used 35023K, capacity 35150K, committed 35416K, reserved 1079296K
  class space    used 4990K, capacity 5045K, committed 5120K, reserved 1048576K
Event: 14.553 GC heap after
Heap after GC invocations=9 (full 1):
 PSYoungGen      total 121344K, used 3605K [0x00000000d5580000, 0x00000000dd680000, 0x0000000100000000)
  eden space 112128K, 0% used [0x00000000d5580000,0x00000000d5580000,0x00000000dc300000)
  from space 9216K, 39% used [0x00000000dcc00000,0x00000000dcf85440,0x00000000dd500000)
  to   space 9216K, 0% used [0x00000000dc300000,0x00000000dc300000,0x00000000dcc00000)
 ParOldGen       total 45568K, used 8135K [0x0000000080000000, 0x0000000082c80000, 0x00000000d5580000)
  object space 45568K, 17% used [0x0000000080000000,0x00000000807f1c48,0x0000000082c80000)
 Metaspace       used 35023K, capacity 35150K, committed 35416K, reserved 1079296K
  class space    used 4990K, capacity 5045K, committed 5120K, reserved 1048576K
}
Event: 14.553 GC heap before
{Heap before GC invocations=10 (full 2):
 PSYoungGen      total 121344K, used 3605K [0x00000000d5580000, 0x00000000dd680000, 0x0000000100000000)
  eden space 112128K, 0% used [0x00000000d5580000,0x00000000d5580000,0x00000000dc300000)
  from space 9216K, 39% used [0x00000000dcc00000,0x00000000dcf85440,0x00000000dd500000)
  to   space 9216K, 0% used [0x00000000dc300000,0x00000000dc300000,0x00000000dcc00000)
 ParOldGen       total 45568K, used 8135K [0x0000000080000000, 0x0000000082c80000, 0x00000000d5580000)
  object space 45568K, 17% used [0x0000000080000000,0x00000000807f1c48,0x0000000082c80000)
 Metaspace       used 35023K, capacity 35150K, committed 35416K, reserved 1079296K
  class space    used 4990K, capacity 5045K, committed 5120K, reserved 1048576K
Event: 14.612 GC heap after
Heap after GC invocations=10 (full 2):
 PSYoungGen      total 121344K, used 0K [0x00000000d5580000, 0x00000000dd680000, 0x0000000100000000)
  eden space 112128K, 0% used [0x00000000d5580000,0x00000000d5580000,0x00000000dc300000)
  from space 9216K, 0% used [0x00000000dcc00000,0x00000000dcc00000,0x00000000dd500000)
  to   space 9216K, 0% used [0x00000000dc300000,0x00000000dc300000,0x00000000dcc00000)
 ParOldGen       total 67584K, used 7649K [0x0000000080000000, 0x0000000084200000, 0x00000000d5580000)
  object space 67584K, 11% used [0x0000000080000000,0x0000000080778438,0x0000000084200000)
 Metaspace       used 35023K, capacity 35150K, committed 35416K, reserved 1079296K
  class space    used 4990K, capacity 5045K, committed 5120K, reserved 1048576K
}
Event: 15.672 GC heap before
{Heap before GC invocations=11 (full 2):
 PSYoungGen      total 121344K, used 112128K [0x00000000d5580000, 0x00000000dd680000, 0x0000000100000000)
  eden space 112128K, 100% used [0x00000000d5580000,0x00000000dc300000,0x00000000dc300000)
  from space 9216K, 0% used [0x00000000dcc00000,0x00000000dcc00000,0x00000000dd500000)
  to   space 9216K, 0% used [0x00000000dc300000,0x00000000dc300000,0x00000000dcc00000)
 ParOldGen       total 67584K, used 7649K [0x0000000080000000, 0x0000000084200000, 0x00000000d5580000)
  object space 67584K, 11% used [0x0000000080000000,0x0000000080778438,0x0000000084200000)
 Metaspace       used 38838K, capacity 39096K, committed 39296K, reserved 1083392K
  class space    used 5595K, capacity 5661K, committed 5760K, reserved 1048576K
Event: 15.683 GC heap after
Heap after GC invocations=11 (full 2):
 PSYoungGen      total 121344K, used 7329K [0x00000000d5580000, 0x00000000df600000, 0x0000000100000000)
  eden space 112128K, 0% used [0x00000000d5580000,0x00000000d5580000,0x00000000dc300000)
  from space 9216K, 79% used [0x00000000dc300000,0x00000000dca28568,0x00000000dcc00000)
  to   space 9728K, 0% used [0x00000000dec80000,0x00000000dec80000,0x00000000df600000)
 ParOldGen       total 67584K, used 7657K [0x0000000080000000, 0x0000000084200000, 0x00000000d5580000)
  object space 67584K, 11% used [0x0000000080000000,0x000000008077a438,0x0000000084200000)
 Metaspace       used 38838K, capacity 39096K, committed 39296K, reserved 1083392K
  class space    used 5595K, capacity 5661K, committed 5760K, reserved 1048576K
}

